app/build/intermediates/manifest_merge_blame_file/debug/processDebugMainManifest/manifest-merger-blame-debug-report.txt
1<?xml version="1.0" encoding="utf-8"?>
2<manifest xmlns:android="http://schemas.android.com/apk/res/android"
3    package="com.example.mobilenavigationsample"
4    android:versionCode="1"
5    android:versionName="1.0" >
6
7    <uses-sdk
8        android:minSdkVersion="28"
9        android:targetSdkVersion="34" />
10
11    <uses-permission android:name="android.permission.ACCESS_FINE_LOCATION" />
11-->src\main\AndroidManifest.xml:5:5-79
11-->src\main\AndroidManifest.xml:5:22-76
12    <uses-permission android:name="android.permission.ACCESS_COARSE_LOCATION" />
12-->src\main\AndroidManifest.xml:6:5-81
12-->src\main\AndroidManifest.xml:6:22-78
13
14    <uses-feature
14-->src\main\AndroidManifest.xml:8:5-10:35
15        android:glEsVersion="0x00020000"
15-->src\main\AndroidManifest.xml:9:9-41
16        android:required="true" />
16-->src\main\AndroidManifest.xml:10:9-32
17
18    <permission
18-->src\main\AndroidManifest.xml:12:5-14:37
19        android:name="com.cookandroid.cookmap.permission.MAPS_RECEIVE"
19-->src\main\AndroidManifest.xml:13:9-71
20        android:label="signature" />
20-->src\main\AndroidManifest.xml:14:9-34
21
22    <uses-permission android:name="android.permission.INTERNET" />
22-->src\main\AndroidManifest.xml:16:5-67
22-->src\main\AndroidManifest.xml:16:22-64
23    <uses-permission android:name="android.permission.WRITE_EXTERNAL_STORAGE" />
23-->src\main\AndroidManifest.xml:17:5-81
23-->src\main\AndroidManifest.xml:17:22-78
24    <uses-permission android:name="android.permission.ACCESS_NETWORK_STATE" />
24-->src\main\AndroidManifest.xml:18:5-79
24-->src\main\AndroidManifest.xml:18:22-76
25    <uses-permission android:name="android.permission.ACCESS_FINE_LOCATION" />
25-->src\main\AndroidManifest.xml:5:5-79
25-->src\main\AndroidManifest.xml:5:22-76
26    <uses-permission android:name="android.permission.ACCESS_COARSE_LOCATION" />
26-->src\main\AndroidManifest.xml:6:5-81
26-->src\main\AndroidManifest.xml:6:22-78
27    <uses-permission android:name="com.google.android.providers.gsf.permission.READ_GSERVICES" />
27-->src\main\AndroidManifest.xml:21:5-98
27-->src\main\AndroidManifest.xml:21:22-95
28    <uses-permission android:name="android.permission.ACCESS_FINE_LOCATION" />
28-->src\main\AndroidManifest.xml:5:5-79
28-->src\main\AndroidManifest.xml:5:22-76
29
30    <meta-data
30-->src\main\AndroidManifest.xml:24:5-26:65
31        android:name="com.google.android.gms.version"
31-->src\main\AndroidManifest.xml:25:9-54
32        android:value="@integer/google_play_services_version" />
32-->src\main\AndroidManifest.xml:26:9-62
33
34    <uses-permission android:name="android.permission.WAKE_LOCK" />
34-->[com.google.android.gms:play-services-measurement-api:22.0.0] AndroidManifest.xml:24:5-68
34-->[com.google.android.gms:play-services-measurement-api:22.0.0] AndroidManifest.xml:24:22-65
35    <uses-permission android:name="com.google.android.gms.permission.AD_ID" />
35-->[com.google.android.gms:play-services-measurement-api:22.0.0] AndroidManifest.xml:25:5-79
35-->[com.google.android.gms:play-services-measurement-api:22.0.0] AndroidManifest.xml:25:22-76
36    <uses-permission android:name="android.permission.ACCESS_ADSERVICES_ATTRIBUTION" />
36-->[com.google.android.gms:play-services-measurement-api:22.0.0] AndroidManifest.xml:26:5-88
36-->[com.google.android.gms:play-services-measurement-api:22.0.0] AndroidManifest.xml:26:22-85
37    <uses-permission android:name="android.permission.ACCESS_ADSERVICES_AD_ID" />
37-->[com.google.android.gms:play-services-measurement-api:22.0.0] AndroidManifest.xml:27:5-82
37-->[com.google.android.gms:play-services-measurement-api:22.0.0] AndroidManifest.xml:27:22-79
38
39    <queries>
39-->[com.google.android.gms:play-services-maps:18.2.0] AndroidManifest.xml:30:5-34:15
40
41        <!-- Needs to be explicitly declared on Android R+ -->
42        <package android:name="com.google.android.apps.maps" />
42-->[com.google.android.gms:play-services-maps:18.2.0] AndroidManifest.xml:33:9-64
42-->[com.google.android.gms:play-services-maps:18.2.0] AndroidManifest.xml:33:18-61
43    </queries>
44
45    <uses-permission android:name="com.google.android.finsky.permission.BIND_GET_INSTALL_REFERRER_SERVICE" />
45-->[com.google.android.gms:play-services-measurement:22.0.0] AndroidManifest.xml:26:5-110
45-->[com.google.android.gms:play-services-measurement:22.0.0] AndroidManifest.xml:26:22-107
46
47    <permission
47-->[androidx.core:core:1.13.0] AndroidManifest.xml:22:5-24:47
48        android:name="com.example.mobilenavigationsample.DYNAMIC_RECEIVER_NOT_EXPORTED_PERMISSION"
48-->[androidx.core:core:1.13.0] AndroidManifest.xml:23:9-81
49        android:protectionLevel="signature" />
49-->[androidx.core:core:1.13.0] AndroidManifest.xml:24:9-44
50
51    <uses-permission android:name="com.example.mobilenavigationsample.DYNAMIC_RECEIVER_NOT_EXPORTED_PERMISSION" />
51-->[androidx.core:core:1.13.0] AndroidManifest.xml:26:5-97
51-->[androidx.core:core:1.13.0] AndroidManifest.xml:26:22-94
52
53    <application
53-->src\main\AndroidManifest.xml:28:5-110:19
54        android:allowBackup="true"
54-->src\main\AndroidManifest.xml:29:9-35
55        android:appComponentFactory="androidx.core.app.CoreComponentFactory"
55-->[androidx.core:core:1.13.0] AndroidManifest.xml:28:18-86
56        android:dataExtractionRules="@xml/data_extraction_rules"
56-->src\main\AndroidManifest.xml:30:9-65
57        android:debuggable="true"
58        android:extractNativeLibs="false"
59        android:fullBackupContent="@xml/backup_rules"
59-->src\main\AndroidManifest.xml:31:9-54
60        android:icon="@mipmap/ic_launcher"
60-->src\main\AndroidManifest.xml:32:9-43
61        android:label="@string/app_name"
61-->src\main\AndroidManifest.xml:33:9-41
62        android:roundIcon="@mipmap/ic_launcher_round"
62-->src\main\AndroidManifest.xml:34:9-54
63        android:supportsRtl="true"
63-->src\main\AndroidManifest.xml:35:9-35
64        android:testOnly="true"
65        android:theme="@style/Theme.MobileNavigationSample" >
65-->src\main\AndroidManifest.xml:36:9-60
66        <activity
66-->src\main\AndroidManifest.xml:38:9-40:40
67            android:name="com.example.mobilenavigationsample.DeveloperCreditsActivity"
67-->src\main\AndroidManifest.xml:39:13-53
68            android:exported="false" />
68-->src\main\AndroidManifest.xml:40:13-37
69        <activity
69-->src\main\AndroidManifest.xml:41:9-43:40
70            android:name="com.example.mobilenavigationsample.DeveloperCreditActivity"
70-->src\main\AndroidManifest.xml:42:13-52
71            android:exported="false" />
71-->src\main\AndroidManifest.xml:43:13-37
72        <activity
72-->src\main\AndroidManifest.xml:44:9-46:40
73            android:name="com.example.mobilenavigationsample.CalKcalActivity"
73-->src\main\AndroidManifest.xml:45:13-44
74            android:exported="false" />
74-->src\main\AndroidManifest.xml:46:13-37
75        <activity
75-->src\main\AndroidManifest.xml:47:9-49:40
76            android:name="com.example.mobilenavigationsample.TimerActivity"
76-->src\main\AndroidManifest.xml:48:13-42
77            android:exported="false" />
77-->src\main\AndroidManifest.xml:49:13-37
78        <activity
78-->src\main\AndroidManifest.xml:50:9-52:40
79            android:name="com.example.mobilenavigationsample.timerActivity"
79-->src\main\AndroidManifest.xml:51:13-42
80            android:exported="false" />
80-->src\main\AndroidManifest.xml:52:13-37
81        <activity
81-->src\main\AndroidManifest.xml:53:9-55:40
82            android:name="com.example.mobilenavigationsample.timer"
82-->src\main\AndroidManifest.xml:54:13-34
83            android:exported="false" />
83-->src\main\AndroidManifest.xml:55:13-37
84        <activity
84-->src\main\AndroidManifest.xml:56:9-64:20
85            android:name="com.example.mobilenavigationsample.SelectExerciseActivity"
85-->src\main\AndroidManifest.xml:57:13-51
86            android:exported="false" >
86-->src\main\AndroidManifest.xml:58:13-37
87            <intent-filter>
87-->src\main\AndroidManifest.xml:59:13-63:29
88                <action android:name="android.intent.action.SELECT_EXERCISE" />
88-->src\main\AndroidManifest.xml:60:17-80
88-->src\main\AndroidManifest.xml:60:25-77
89
90                <category android:name="android.intent.category.LAUNCHER" />
90-->src\main\AndroidManifest.xml:62:17-77
90-->src\main\AndroidManifest.xml:62:27-74
91            </intent-filter>
92        </activity>
93        <activity
93-->src\main\AndroidManifest.xml:65:9-67:40
94            android:name="com.example.mobilenavigationsample.MapActivity"
94-->src\main\AndroidManifest.xml:66:13-40
95            android:exported="false" />
95-->src\main\AndroidManifest.xml:67:13-37
96        <activity
96-->src\main\AndroidManifest.xml:68:9-70:40
97            android:name="com.example.mobilenavigationsample.SignUpActivity"
97-->src\main\AndroidManifest.xml:69:13-43
98            android:exported="false" />
98-->src\main\AndroidManifest.xml:70:13-37
99        <activity
99-->src\main\AndroidManifest.xml:71:9-73:40
100            android:name="com.example.mobilenavigationsample.StartLoginActivity"
100-->src\main\AndroidManifest.xml:72:13-47
101            android:exported="false" />
101-->src\main\AndroidManifest.xml:73:13-37
102        <activity
102-->src\main\AndroidManifest.xml:74:9-76:40
103            android:name="com.example.mobilenavigationsample.FirstOptionsActivity"
103-->src\main\AndroidManifest.xml:75:13-49
104            android:exported="false" />
104-->src\main\AndroidManifest.xml:76:13-37
105        <activity
105-->src\main\AndroidManifest.xml:77:9-79:40
106            android:name="com.example.mobilenavigationsample.FindPwActivity"
106-->src\main\AndroidManifest.xml:78:13-43
107            android:exported="false" />
107-->src\main\AndroidManifest.xml:79:13-37
108        <activity
108-->src\main\AndroidManifest.xml:80:9-82:40
109            android:name="com.example.mobilenavigationsample.FindIdActivity"
109-->src\main\AndroidManifest.xml:81:13-43
110            android:exported="false" />
110-->src\main\AndroidManifest.xml:82:13-37
111        <activity
111-->src\main\AndroidManifest.xml:83:9-91:20
112            android:name="com.example.mobilenavigationsample.MainActivity"
112-->src\main\AndroidManifest.xml:84:13-41
113            android:exported="true" >
113-->src\main\AndroidManifest.xml:85:13-36
114            <intent-filter>
114-->src\main\AndroidManifest.xml:86:13-90:29
115                <action android:name="android.intent.action.MAIN" />
115-->src\main\AndroidManifest.xml:87:17-69
115-->src\main\AndroidManifest.xml:87:25-66
116
117                <category android:name="android.intent.category.LAUNCHER" />
117-->src\main\AndroidManifest.xml:62:17-77
117-->src\main\AndroidManifest.xml:62:27-74
118            </intent-filter>
119        </activity>
120
121        <meta-data
122            android:name="com.google.android.maps.v2.API_KEY"
122-->src\main\AndroidManifest.xml:94:13-62
123            android:value="AIzaSyCJdgFTAtfL4qk9gNR07lHeiDJBU3Q2Zaw" />
123-->src\main\AndroidManifest.xml:95:13-44
124
125        <uses-library
125-->src\main\AndroidManifest.xml:97:9-99:40
126            android:name="org.apache.http.legacy"
126-->src\main\AndroidManifest.xml:98:13-50
127            android:required="false" />
127-->src\main\AndroidManifest.xml:99:13-37
128
129        <activity
129-->src\main\AndroidManifest.xml:101:9-109:20
130            android:name="com.example.mobilenavigationsample.NaviActivity"
130-->src\main\AndroidManifest.xml:102:13-41
131            android:exported="false" >
131-->src\main\AndroidManifest.xml:103:13-37
132            <intent-filter>
132-->src\main\AndroidManifest.xml:104:13-108:29
133                <action android:name="android.intent.action.NAVI" />
133-->src\main\AndroidManifest.xml:105:17-69
133-->src\main\AndroidManifest.xml:105:25-66
134
135                <category android:name="android.intent.category.LAUNCHER" />
135-->src\main\AndroidManifest.xml:62:17-77
135-->src\main\AndroidManifest.xml:62:27-74
136            </intent-filter>
137        </activity>
138
139        <service
139-->[com.google.firebase:firebase-firestore-ktx:25.0.0] AndroidManifest.xml:9:9-15:19
140            android:name="com.google.firebase.components.ComponentDiscoveryService"
140-->[com.google.firebase:firebase-firestore-ktx:25.0.0] AndroidManifest.xml:10:13-84
141            android:directBootAware="true"
141-->[com.google.firebase:firebase-common:21.0.0] AndroidManifest.xml:32:13-43
142            android:exported="false" >
142-->[com.google.firebase:firebase-firestore-ktx:25.0.0] AndroidManifest.xml:11:13-37
143            <meta-data
143-->[com.google.firebase:firebase-firestore-ktx:25.0.0] AndroidManifest.xml:12:13-14:85
144                android:name="com.google.firebase.components:com.google.firebase.firestore.ktx.FirebaseFirestoreLegacyRegistrar"
144-->[com.google.firebase:firebase-firestore-ktx:25.0.0] AndroidManifest.xml:13:17-129
145                android:value="com.google.firebase.components.ComponentRegistrar" />
145-->[com.google.firebase:firebase-firestore-ktx:25.0.0] AndroidManifest.xml:14:17-82
146            <meta-data
146-->[com.google.firebase:firebase-auth-ktx:23.0.0] AndroidManifest.xml:11:13-13:85
147                android:name="com.google.firebase.components:com.google.firebase.auth.ktx.FirebaseAuthLegacyRegistrar"
147-->[com.google.firebase:firebase-auth-ktx:23.0.0] AndroidManifest.xml:12:17-119
148                android:value="com.google.firebase.components.ComponentRegistrar" />
148-->[com.google.firebase:firebase-auth-ktx:23.0.0] AndroidManifest.xml:13:17-82
149            <meta-data
149-->[com.google.firebase:firebase-auth:23.0.0] AndroidManifest.xml:69:13-71:85
150                android:name="com.google.firebase.components:com.google.firebase.auth.FirebaseAuthRegistrar"
150-->[com.google.firebase:firebase-auth:23.0.0] AndroidManifest.xml:70:17-109
151                android:value="com.google.firebase.components.ComponentRegistrar" />
151-->[com.google.firebase:firebase-auth:23.0.0] AndroidManifest.xml:71:17-82
152            <meta-data
152-->[com.google.firebase:firebase-firestore:25.0.0] AndroidManifest.xml:17:13-19:85
153                android:name="com.google.firebase.components:com.google.firebase.firestore.FirebaseFirestoreKtxRegistrar"
153-->[com.google.firebase:firebase-firestore:25.0.0] AndroidManifest.xml:18:17-122
154                android:value="com.google.firebase.components.ComponentRegistrar" />
154-->[com.google.firebase:firebase-firestore:25.0.0] AndroidManifest.xml:19:17-82
155            <meta-data
155-->[com.google.firebase:firebase-firestore:25.0.0] AndroidManifest.xml:20:13-22:85
156                android:name="com.google.firebase.components:com.google.firebase.firestore.FirestoreRegistrar"
156-->[com.google.firebase:firebase-firestore:25.0.0] AndroidManifest.xml:21:17-111
157                android:value="com.google.firebase.components.ComponentRegistrar" />
157-->[com.google.firebase:firebase-firestore:25.0.0] AndroidManifest.xml:22:17-82
158            <meta-data
158-->[com.google.android.gms:play-services-measurement-api:22.0.0] AndroidManifest.xml:37:13-39:85
159                android:name="com.google.firebase.components:com.google.firebase.analytics.connector.internal.AnalyticsConnectorRegistrar"
159-->[com.google.android.gms:play-services-measurement-api:22.0.0] AndroidManifest.xml:38:17-139
160                android:value="com.google.firebase.components.ComponentRegistrar" />
160-->[com.google.android.gms:play-services-measurement-api:22.0.0] AndroidManifest.xml:39:17-82
161            <meta-data
161-->[com.google.firebase:firebase-installations:18.0.0] AndroidManifest.xml:15:13-17:85
162                android:name="com.google.firebase.components:com.google.firebase.installations.FirebaseInstallationsKtxRegistrar"
162-->[com.google.firebase:firebase-installations:18.0.0] AndroidManifest.xml:16:17-130
163                android:value="com.google.firebase.components.ComponentRegistrar" />
163-->[com.google.firebase:firebase-installations:18.0.0] AndroidManifest.xml:17:17-82
164            <meta-data
164-->[com.google.firebase:firebase-installations:18.0.0] AndroidManifest.xml:18:13-20:85
165                android:name="com.google.firebase.components:com.google.firebase.installations.FirebaseInstallationsRegistrar"
165-->[com.google.firebase:firebase-installations:18.0.0] AndroidManifest.xml:19:17-127
166                android:value="com.google.firebase.components.ComponentRegistrar" />
166-->[com.google.firebase:firebase-installations:18.0.0] AndroidManifest.xml:20:17-82
167            <meta-data
167-->[com.google.firebase:firebase-common-ktx:21.0.0] AndroidManifest.xml:12:13-14:85
168                android:name="com.google.firebase.components:com.google.firebase.ktx.FirebaseCommonLegacyRegistrar"
168-->[com.google.firebase:firebase-common-ktx:21.0.0] AndroidManifest.xml:13:17-116
169                android:value="com.google.firebase.components.ComponentRegistrar" />
169-->[com.google.firebase:firebase-common-ktx:21.0.0] AndroidManifest.xml:14:17-82
170            <meta-data
170-->[com.google.firebase:firebase-common:21.0.0] AndroidManifest.xml:35:13-37:85
171                android:name="com.google.firebase.components:com.google.firebase.FirebaseCommonKtxRegistrar"
171-->[com.google.firebase:firebase-common:21.0.0] AndroidManifest.xml:36:17-109
172                android:value="com.google.firebase.components.ComponentRegistrar" />
172-->[com.google.firebase:firebase-common:21.0.0] AndroidManifest.xml:37:17-82
173        </service>
174
175        <activity
175-->[com.google.firebase:firebase-auth:23.0.0] AndroidManifest.xml:29:9-46:20
176            android:name="com.google.firebase.auth.internal.GenericIdpActivity"
176-->[com.google.firebase:firebase-auth:23.0.0] AndroidManifest.xml:30:13-80
177            android:excludeFromRecents="true"
177-->[com.google.firebase:firebase-auth:23.0.0] AndroidManifest.xml:31:13-46
178            android:exported="true"
178-->[com.google.firebase:firebase-auth:23.0.0] AndroidManifest.xml:32:13-36
179            android:launchMode="singleTask"
179-->[com.google.firebase:firebase-auth:23.0.0] AndroidManifest.xml:33:13-44
180            android:theme="@android:style/Theme.Translucent.NoTitleBar" >
180-->[com.google.firebase:firebase-auth:23.0.0] AndroidManifest.xml:34:13-72
181            <intent-filter>
181-->[com.google.firebase:firebase-auth:23.0.0] AndroidManifest.xml:35:13-45:29
182                <action android:name="android.intent.action.VIEW" />
182-->[com.google.firebase:firebase-auth:23.0.0] AndroidManifest.xml:36:17-69
182-->[com.google.firebase:firebase-auth:23.0.0] AndroidManifest.xml:36:25-66
183
184                <category android:name="android.intent.category.DEFAULT" />
184-->[com.google.firebase:firebase-auth:23.0.0] AndroidManifest.xml:38:17-76
184-->[com.google.firebase:firebase-auth:23.0.0] AndroidManifest.xml:38:27-73
185                <category android:name="android.intent.category.BROWSABLE" />
185-->[com.google.firebase:firebase-auth:23.0.0] AndroidManifest.xml:39:17-78
185-->[com.google.firebase:firebase-auth:23.0.0] AndroidManifest.xml:39:27-75
186
187                <data
187-->[com.google.firebase:firebase-auth:23.0.0] AndroidManifest.xml:41:17-44:51
188                    android:host="firebase.auth"
188-->[com.google.firebase:firebase-auth:23.0.0] AndroidManifest.xml:42:21-49
189                    android:path="/"
189-->[com.google.firebase:firebase-auth:23.0.0] AndroidManifest.xml:43:21-37
190                    android:scheme="genericidp" />
190-->[com.google.firebase:firebase-auth:23.0.0] AndroidManifest.xml:44:21-48
191            </intent-filter>
192        </activity>
193        <activity
193-->[com.google.firebase:firebase-auth:23.0.0] AndroidManifest.xml:47:9-64:20
194            android:name="com.google.firebase.auth.internal.RecaptchaActivity"
194-->[com.google.firebase:firebase-auth:23.0.0] AndroidManifest.xml:48:13-79
195            android:excludeFromRecents="true"
195-->[com.google.firebase:firebase-auth:23.0.0] AndroidManifest.xml:49:13-46
196            android:exported="true"
196-->[com.google.firebase:firebase-auth:23.0.0] AndroidManifest.xml:50:13-36
197            android:launchMode="singleTask"
197-->[com.google.firebase:firebase-auth:23.0.0] AndroidManifest.xml:51:13-44
198            android:theme="@android:style/Theme.Translucent.NoTitleBar" >
198-->[com.google.firebase:firebase-auth:23.0.0] AndroidManifest.xml:52:13-72
199            <intent-filter>
199-->[com.google.firebase:firebase-auth:23.0.0] AndroidManifest.xml:53:13-63:29
200                <action android:name="android.intent.action.VIEW" />
200-->[com.google.firebase:firebase-auth:23.0.0] AndroidManifest.xml:36:17-69
200-->[com.google.firebase:firebase-auth:23.0.0] AndroidManifest.xml:36:25-66
201
202                <category android:name="android.intent.category.DEFAULT" />
202-->[com.google.firebase:firebase-auth:23.0.0] AndroidManifest.xml:38:17-76
202-->[com.google.firebase:firebase-auth:23.0.0] AndroidManifest.xml:38:27-73
203                <category android:name="android.intent.category.BROWSABLE" />
203-->[com.google.firebase:firebase-auth:23.0.0] AndroidManifest.xml:39:17-78
203-->[com.google.firebase:firebase-auth:23.0.0] AndroidManifest.xml:39:27-75
204
205                <data
205-->[com.google.firebase:firebase-auth:23.0.0] AndroidManifest.xml:41:17-44:51
206                    android:host="firebase.auth"
206-->[com.google.firebase:firebase-auth:23.0.0] AndroidManifest.xml:42:21-49
207                    android:path="/"
207-->[com.google.firebase:firebase-auth:23.0.0] AndroidManifest.xml:43:21-37
208                    android:scheme="recaptcha" />
208-->[com.google.firebase:firebase-auth:23.0.0] AndroidManifest.xml:44:21-48
209            </intent-filter>
210        </activity>
211
212        <property
212-->[com.google.android.gms:play-services-measurement-api:22.0.0] AndroidManifest.xml:30:9-32:61
213            android:name="android.adservices.AD_SERVICES_CONFIG"
213-->[com.google.android.gms:play-services-measurement-api:22.0.0] AndroidManifest.xml:31:13-65
214            android:resource="@xml/ga_ad_services_config" />
214-->[com.google.android.gms:play-services-measurement-api:22.0.0] AndroidManifest.xml:32:13-58
215
216        <service
216-->[androidx.credentials:credentials-play-services-auth:1.2.0-rc01] AndroidManifest.xml:24:9-32:19
217            android:name="androidx.credentials.playservices.CredentialProviderMetadataHolder"
217-->[androidx.credentials:credentials-play-services-auth:1.2.0-rc01] AndroidManifest.xml:25:13-94
218            android:enabled="true"
218-->[androidx.credentials:credentials-play-services-auth:1.2.0-rc01] AndroidManifest.xml:26:13-35
219            android:exported="false" >
219-->[androidx.credentials:credentials-play-services-auth:1.2.0-rc01] AndroidManifest.xml:27:13-37
220            <meta-data
220-->[androidx.credentials:credentials-play-services-auth:1.2.0-rc01] AndroidManifest.xml:29:13-31:104
221                android:name="androidx.credentials.CREDENTIAL_PROVIDER_KEY"
221-->[androidx.credentials:credentials-play-services-auth:1.2.0-rc01] AndroidManifest.xml:30:17-76
222                android:value="androidx.credentials.playservices.CredentialProviderPlayServicesImpl" />
222-->[androidx.credentials:credentials-play-services-auth:1.2.0-rc01] AndroidManifest.xml:31:17-101
223        </service>
224
225        <activity
225-->[androidx.credentials:credentials-play-services-auth:1.2.0-rc01] AndroidManifest.xml:34:9-41:20
226            android:name="androidx.credentials.playservices.HiddenActivity"
226-->[androidx.credentials:credentials-play-services-auth:1.2.0-rc01] AndroidManifest.xml:35:13-76
227            android:configChanges="orientation|screenSize|screenLayout|keyboardHidden"
227-->[androidx.credentials:credentials-play-services-auth:1.2.0-rc01] AndroidManifest.xml:36:13-87
228            android:enabled="true"
228-->[androidx.credentials:credentials-play-services-auth:1.2.0-rc01] AndroidManifest.xml:37:13-35
229            android:exported="false"
229-->[androidx.credentials:credentials-play-services-auth:1.2.0-rc01] AndroidManifest.xml:38:13-37
230            android:fitsSystemWindows="true"
230-->[androidx.credentials:credentials-play-services-auth:1.2.0-rc01] AndroidManifest.xml:39:13-45
231            android:theme="@style/Theme.Hidden" >
231-->[androidx.credentials:credentials-play-services-auth:1.2.0-rc01] AndroidManifest.xml:40:13-48
232        </activity>
233        <activity
233-->[com.google.android.gms:play-services-auth:20.7.0] AndroidManifest.xml:23:9-27:75
234            android:name="com.google.android.gms.auth.api.signin.internal.SignInHubActivity"
234-->[com.google.android.gms:play-services-auth:20.7.0] AndroidManifest.xml:24:13-93
235            android:excludeFromRecents="true"
235-->[com.google.android.gms:play-services-auth:20.7.0] AndroidManifest.xml:25:13-46
236            android:exported="false"
236-->[com.google.android.gms:play-services-auth:20.7.0] AndroidManifest.xml:26:13-37
237            android:theme="@android:style/Theme.Translucent.NoTitleBar" />
237-->[com.google.android.gms:play-services-auth:20.7.0] AndroidManifest.xml:27:13-72
238        <!--
239            Service handling Google Sign-In user revocation. For apps that do not integrate with
240            Google Sign-In, this service will never be started.
241        -->
242        <service
242-->[com.google.android.gms:play-services-auth:20.7.0] AndroidManifest.xml:33:9-37:51
243            android:name="com.google.android.gms.auth.api.signin.RevocationBoundService"
243-->[com.google.android.gms:play-services-auth:20.7.0] AndroidManifest.xml:34:13-89
244            android:exported="true"
244-->[com.google.android.gms:play-services-auth:20.7.0] AndroidManifest.xml:35:13-36
245            android:permission="com.google.android.gms.auth.api.signin.permission.REVOCATION_NOTIFICATION"
245-->[com.google.android.gms:play-services-auth:20.7.0] AndroidManifest.xml:36:13-107
246            android:visibleToInstantApps="true" />
246-->[com.google.android.gms:play-services-auth:20.7.0] AndroidManifest.xml:37:13-48
247
248        <provider
248-->[com.google.firebase:firebase-common:21.0.0] AndroidManifest.xml:23:9-28:39
249            android:name="com.google.firebase.provider.FirebaseInitProvider"
249-->[com.google.firebase:firebase-common:21.0.0] AndroidManifest.xml:24:13-77
250            android:authorities="com.example.mobilenavigationsample.firebaseinitprovider"
250-->[com.google.firebase:firebase-common:21.0.0] AndroidManifest.xml:25:13-72
251            android:directBootAware="true"
251-->[com.google.firebase:firebase-common:21.0.0] AndroidManifest.xml:26:13-43
252            android:exported="false"
252-->[com.google.firebase:firebase-common:21.0.0] AndroidManifest.xml:27:13-37
253            android:initOrder="100" />
253-->[com.google.firebase:firebase-common:21.0.0] AndroidManifest.xml:28:13-36
254
255        <activity
255-->[com.google.android.gms:play-services-base:18.0.1] AndroidManifest.xml:20:9-22:45
256            android:name="com.google.android.gms.common.api.GoogleApiActivity"
256-->[com.google.android.gms:play-services-base:18.0.1] AndroidManifest.xml:20:19-85
257            android:exported="false"
257-->[com.google.android.gms:play-services-base:18.0.1] AndroidManifest.xml:22:19-43
258            android:theme="@android:style/Theme.Translucent.NoTitleBar" />
258-->[com.google.android.gms:play-services-base:18.0.1] AndroidManifest.xml:21:19-78
259
260        <receiver
260-->[com.google.android.gms:play-services-measurement:22.0.0] AndroidManifest.xml:29:9-33:20
261            android:name="com.google.android.gms.measurement.AppMeasurementReceiver"
261-->[com.google.android.gms:play-services-measurement:22.0.0] AndroidManifest.xml:30:13-85
262            android:enabled="true"
262-->[com.google.android.gms:play-services-measurement:22.0.0] AndroidManifest.xml:31:13-35
263            android:exported="false" >
263-->[com.google.android.gms:play-services-measurement:22.0.0] AndroidManifest.xml:32:13-37
264        </receiver>
265
266        <service
266-->[com.google.android.gms:play-services-measurement:22.0.0] AndroidManifest.xml:35:9-38:40
267            android:name="com.google.android.gms.measurement.AppMeasurementService"
267-->[com.google.android.gms:play-services-measurement:22.0.0] AndroidManifest.xml:36:13-84
268            android:enabled="true"
268-->[com.google.android.gms:play-services-measurement:22.0.0] AndroidManifest.xml:37:13-35
269            android:exported="false" />
269-->[com.google.android.gms:play-services-measurement:22.0.0] AndroidManifest.xml:38:13-37
270        <service
270-->[com.google.android.gms:play-services-measurement:22.0.0] AndroidManifest.xml:39:9-43:72
271            android:name="com.google.android.gms.measurement.AppMeasurementJobService"
271-->[com.google.android.gms:play-services-measurement:22.0.0] AndroidManifest.xml:40:13-87
272            android:enabled="true"
272-->[com.google.android.gms:play-services-measurement:22.0.0] AndroidManifest.xml:41:13-35
273            android:exported="false"
273-->[com.google.android.gms:play-services-measurement:22.0.0] AndroidManifest.xml:42:13-37
274            android:permission="android.permission.BIND_JOB_SERVICE" />
274-->[com.google.android.gms:play-services-measurement:22.0.0] AndroidManifest.xml:43:13-69
275
276        <uses-library
276-->[androidx.privacysandbox.ads:ads-adservices:1.0.0-beta05] AndroidManifest.xml:23:9-25:40
277            android:name="android.ext.adservices"
277-->[androidx.privacysandbox.ads:ads-adservices:1.0.0-beta05] AndroidManifest.xml:24:13-50
278            android:required="false" />
278-->[androidx.privacysandbox.ads:ads-adservices:1.0.0-beta05] AndroidManifest.xml:25:13-37
279
280        <meta-data